<?xml version="1.0" encoding="UTF-8" standalone="no"?>
<testsuite errors="0" failures="0" name="io.cucumber.core.plugin.JUnitFormatter" skipped="0" tests="1" time="18.3">
    <testcase classname="feature to test tide.com website functionality" name="Validate tide.com is working" time="18.019">
        <system-out><![CDATA[Given browser is open.......................................................passed
And user is on tide home page...............................................passed
When user enters a text in search box.......................................passed
And hit enter...............................................................passed
Then user is navigated to search results....................................passed
]]></system-out>
    </testcase>
</testsuite>
